<?xml version="1.0" encoding="UTF-8"?>
<!-- Generated by org.testng.reporters.JUnitXMLReporter -->
<testsuite ignored="0" hostname="DESKTOP-32JIICF" failures="0" tests="3" name="Default test" time="22.035" errors="0" timestamp="2024-07-31T14:26:43 IST">
  <testcase classname="extentReport.ExecuteWithListners" name="rcb" time="9.942"/>
  <testcase classname="extentReport.ExecuteWithListners" name="dominos" time="4.359"/>
  <testcase classname="extentReport.ExecuteWithListners" name="csk" time="7.127"/>
</testsuite> <!-- Default test -->
