<?xml version="1.0" encoding="UTF-8"?>
<!-- Generated by org.testng.reporters.JUnitXMLReporter -->
<testsuite ignored="0" hostname="DESKTOP-32JIICF" failures="0" tests="8" name="Test1" time="54.426" errors="0" timestamp="2024-07-11T12:15:13 IST">
  <testcase classname="testngWatches.Maxima" name="maxima" time="5.547"/>
  <testcase classname="testngMobile.Oppo" name="oppo" time="2.707"/>
  <testcase classname="testngWatches.Titan" name="titan" time="12.291"/>
  <testcase classname="testngMobile.Apple" name="apple" time="4.689"/>
  <testcase classname="testngMobile.Oneplus" name="oneplus" time="6.827"/>
  <testcase classname="testngWatches.Rado" name="tissot" time="11.144"/>
  <testcase classname="testngMobile.Blackberry" name="blackberry" time="2.129"/>
  <testcase classname="testngWatches.Tissot" name="tissot" time="9.048"/>
</testsuite> <!-- Test1 -->
