<?xml version="1.0" encoding="UTF-8"?>
<!-- Generated by org.testng.reporters.JUnitXMLReporter -->
<testsuite ignored="0" hostname="DESKTOP-32JIICF" failures="0" tests="8" name="Test" time="182.251" errors="0" timestamp="2024-07-20T10:36:02 IST">
  <testcase classname="testngWatches.Maxima" name="maxima" time="41.449"/>
  <testcase classname="testngMobile.Oppo" name="oppo" time="10.031"/>
  <testcase classname="testngWatches.Titan" name="titan" time="17.139"/>
  <testcase classname="testngMobile.Apple" name="apple" time="7.173"/>
  <testcase classname="testngMobile.Oneplus" name="oneplus" time="6.96"/>
  <testcase classname="testngWatches.Rado" name="tissot" time="40.88"/>
  <testcase classname="testngMobile.Blackberry" name="blackberry" time="16.076"/>
  <testcase classname="testngWatches.Tissot" name="tissot" time="42.379"/>
</testsuite> <!-- Test -->
