<?xml version="1.0" encoding="UTF-8"?>
<testng-results ignored="0" total="3" passed="3" failed="0" skipped="0">
  <reporter-output>
    <line>
      <![CDATA[rcbis executed]]>
    </line>
    <line>
      <![CDATA[dominosis executed]]>
    </line>
    <line>
      <![CDATA[cskis executed]]>
    </line>
  </reporter-output>
  <suite started-at="2024-07-31T14:26:21 IST" name="Default suite" finished-at="2024-07-31T14:26:43 IST" duration-ms="22035">
    <groups>
    </groups>
    <test started-at="2024-07-31T14:26:21 IST" name="Default test" finished-at="2024-07-31T14:26:43 IST" duration-ms="22035">
      <class name="extentReport.ExecuteWithListners">
        <test-method signature="rcb()[pri:0, instance:extentReport.ExecuteWithListners@33d512c1]" started-at="2024-07-31T14:26:21 IST" name="rcb" finished-at="2024-07-31T14:26:31 IST" duration-ms="9942" status="PASS">
          <reporter-output>
            <line>
              <![CDATA[rcbis executed]]>
            </line>
          </reporter-output>
        </test-method> <!-- rcb -->
        <test-method signature="dominos()[pri:0, instance:extentReport.ExecuteWithListners@33d512c1]" started-at="2024-07-31T14:26:31 IST" name="dominos" finished-at="2024-07-31T14:26:36 IST" duration-ms="4359" status="PASS">
          <reporter-output>
            <line>
              <![CDATA[dominosis executed]]>
            </line>
          </reporter-output>
        </test-method> <!-- dominos -->
        <test-method signature="csk()[pri:0, instance:extentReport.ExecuteWithListners@33d512c1]" started-at="2024-07-31T14:26:36 IST" name="csk" finished-at="2024-07-31T14:26:43 IST" depends-on-methods="extentReport.ExecuteWithListners.rcb" duration-ms="7127" status="PASS">
          <reporter-output>
            <line>
              <![CDATA[cskis executed]]>
            </line>
          </reporter-output>
        </test-method> <!-- csk -->
      </class> <!-- extentReport.ExecuteWithListners -->
    </test> <!-- Default test -->
  </suite> <!-- Default suite -->
</testng-results>
